#
# There is insufficient memory for the Java Runtime Environment to continue.
# Native memory allocation (malloc) failed to allocate 32744 bytes for ChunkPool::allocate
# Possible reasons:
#   The system is out of physical RAM or swap space
#   In 32 bit mode, the process size limit was hit
# Possible solutions:
#   Reduce memory load on the system
#   Increase physical memory or swap space
#   Check if swap backing store is full
#   Use 64 bit Java on a 64 bit OS
#   Decrease Java heap size (-Xmx/-Xms)
#   Decrease number of Java threads
#   Decrease Java thread stack sizes (-Xss)
#   Set larger code cache with -XX:ReservedCodeCacheSize=
# This output file may be truncated or incomplete.
#
#  Out of Memory Error (allocation.cpp:273), pid=3988, tid=0x0000000000001904
#
# JRE version: OpenJDK Runtime Environment (8.0_76-b03) (build 1.8.0_76-release-b03)
# Java VM: OpenJDK 64-Bit Server VM (25.76-b03 mixed mode windows-amd64 compressed oops)
# Failed to write core dump. Minidumps are not enabled by default on client versions of Windows
#

---------------  T H R E A D  ---------------

Current thread (0x00000000161cb800):  JavaThread "C1 CompilerThread2" daemon [_thread_in_native, id=6404, stack(0x0000000017db0000,0x0000000017eb0000)]

Stack: [0x0000000017db0000,0x0000000017eb0000]
[error occurred during error reporting (printing stack bounds), id 0xc0000005]

Native frames: (J=compiled Java code, j=interpreted, Vv=VM code, C=native code)


Current CompileTask:
C1:  59217 5484   !   2       org.gradle.api.internal.ClassGeneratorBackedInstantiator::newInstance (40 bytes)


---------------  P R O C E S S  ---------------

Java Threads: ( => current thread )
  0x000000001efc6800 JavaThread "File lock request listener" [_thread_in_native, id=5880, stack(0x000000001e220000,0x000000001e320000)]
  0x0000000018c21000 JavaThread "Stdin handler" [_thread_blocked, id=2084, stack(0x000000001a750000,0x000000001a850000)]
  0x0000000018c1d000 JavaThread "Asynchronous log dispatcher for org.gradle.launcher.daemon.server.DefaultDaemonConnection@49e26857" [_thread_blocked, id=1928, stack(0x000000001a450000,0x000000001a550000)]
  0x0000000018c1b000 JavaThread "Daemon worker" [_thread_in_Java, id=2292, stack(0x000000001a350000,0x000000001a450000)]
  0x0000000018a04800 JavaThread "Cancel handler" [_thread_blocked, id=4508, stack(0x000000001a250000,0x000000001a350000)]
  0x000000001891e000 JavaThread "Handler for socket connection from /127.0.0.1:51236 to /127.0.0.1:51238" [_thread_in_native, id=148, stack(0x000000001a150000,0x000000001a250000)]
  0x0000000018b0f800 JavaThread "Daemon" [_thread_blocked, id=3028, stack(0x000000001a050000,0x000000001a150000)]
  0x0000000018465000 JavaThread "pool-1-thread-1" [_thread_blocked, id=2956, stack(0x0000000019f50000,0x000000001a050000)]
  0x0000000017923800 JavaThread "Incoming local TCP Connector on port 51236" [_thread_in_native, id=6416, stack(0x0000000019b60000,0x0000000019c60000)]
  0x00000000178e4000 JavaThread "Service Thread" daemon [_thread_blocked, id=3096, stack(0x0000000017eb0000,0x0000000017fb0000)]
=>0x00000000161cb800 JavaThread "C1 CompilerThread2" daemon [_thread_in_native, id=6404, stack(0x0000000017db0000,0x0000000017eb0000)]
  0x00000000161c8800 JavaThread "C2 CompilerThread1" daemon [_thread_in_native, id=5604, stack(0x0000000017cb0000,0x0000000017db0000)]
  0x00000000161bc000 JavaThread "C2 CompilerThread0" daemon [_thread_in_native, id=4712, stack(0x00000000177b0000,0x00000000178b0000)]
  0x00000000161b7800 JavaThread "Attach Listener" daemon [_thread_blocked, id=1960, stack(0x00000000176b0000,0x00000000177b0000)]
  0x00000000161b4800 JavaThread "Signal Dispatcher" daemon [_thread_blocked, id=4828, stack(0x00000000175b0000,0x00000000176b0000)]
  0x0000000016158800 JavaThread "Finalizer" daemon [_thread_blocked, id=6408, stack(0x00000000173d0000,0x00000000174d0000)]
  0x00000000027f0000 JavaThread "Reference Handler" daemon [_thread_blocked, id=5644, stack(0x00000000172d0000,0x00000000173d0000)]
  0x0000000002700800 JavaThread "main" [_thread_blocked, id=188, stack(0x0000000002520000,0x0000000002620000)]

Other Threads:
  0x0000000016135800 VMThread [stack: 0x00000000171d0000,0x00000000172d0000] [id=2448]
  0x00000000178e5000 WatcherThread [stack: 0x0000000017fb0000,0x00000000180b0000] [id=2556]

VM state:not at safepoint (normal execution)

VM Mutex/Monitor currently owned by a thread: None

Heap:
 PSYoungGen      total 93184K, used 83984K [0x00000000e0000000, 0x00000000e6480000, 0x0000000100000000)
  eden space 86528K, 92% used [0x00000000e0000000,0x00000000e4e92af0,0x00000000e5480000)
  from space 6656K, 52% used [0x00000000e5e00000,0x00000000e6171548,0x00000000e6480000)
  to   space 8192K, 0% used [0x00000000e5480000,0x00000000e5480000,0x00000000e5c80000)
 ParOldGen       total 31744K, used 20583K [0x00000000a0000000, 0x00000000a1f00000, 0x00000000e0000000)
  object space 31744K, 64% used [0x00000000a0000000,0x00000000a1419e38,0x00000000a1f00000)
 Metaspace       used 43075K, capacity 43878K, committed 44336K, reserved 1087488K
  class space    used 5690K, capacity 5875K, committed 5936K, reserved 1048576K

Card table byte_map: [0x0000000011bc0000,0x0000000011ed0000] byte_map_base: 0x00000000116c0000

Marking Bits: (ParMarkBitMap*) 0x0000000056859d00
 Begin Bits: [0x00000000124d0000, 0x0000000013cd0000)
 End Bits:   [0x0000000013cd0000, 0x00000000154d0000)

Polling page: 0x0000000000d60000

CodeCache: size=245760Kb used=17743Kb max_used=17743Kb free=228017Kb
 bounds [0x0000000002800000, 0x0000000003970000, 0x0000000011800000]
 total_blobs=5590 nmethods=4897 adapters=605
 compilation: enabled

Compilation events (10 events):
Event: 59.118 Thread 0x00000000161cb800 nmethod 5477 0x0000000003962490 code [0x00000000039625e0, 0x00000000039626f0]
Event: 59.118 Thread 0x00000000161cb800 5478       2       org.gradle.api.Task$Namer::determineName (9 bytes)
Event: 59.119 Thread 0x00000000161cb800 nmethod 5478 0x0000000003962750 code [0x00000000039628c0, 0x0000000003962a90]
Event: 59.119 Thread 0x00000000161cb800 5479       2       org.gradle.api.Task$Namer::determineName (7 bytes)
Event: 59.119 Thread 0x00000000161cb800 nmethod 5479 0x0000000003962b90 code [0x0000000003962ce0, 0x0000000003962e70]
Event: 59.119 Thread 0x00000000161cb800 5480       2       org.gradle.api.internal.file.AbstractFileCollection::<init> (5 bytes)
Event: 59.120 Thread 0x00000000161cb800 nmethod 5480 0x0000000003962f50 code [0x00000000039630a0, 0x00000000039631f0]
Event: 59.120 Thread 0x00000000161cb800 5481       2       org.gradle.model.internal.registry.RuleBindings$PathPredicateIndex::predicatesForPath (45 bytes)
Event: 59.121 Thread 0x00000000161cb800 nmethod 5481 0x0000000003963290 code [0x0000000003963400, 0x0000000003963718]
Event: 59.121 Thread 0x00000000161cb800 5484   !   2       org.gradle.api.internal.ClassGeneratorBackedInstantiator::newInstance (40 bytes)

GC Heap History (10 events):
Event: 36.112 GC heap before
{Heap before GC invocations=14 (full 1):
 PSYoungGen      total 70144K, used 67222K [0x00000000e0000000, 0x00000000e4c80000, 0x0000000100000000)
  eden space 65024K, 100% used [0x00000000e0000000,0x00000000e3f80000,0x00000000e3f80000)
  from space 5120K, 42% used [0x00000000e4780000,0x00000000e49a5ad8,0x00000000e4c80000)
  to   space 6656K, 0% used [0x00000000e3f80000,0x00000000e3f80000,0x00000000e4600000)
 ParOldGen       total 31744K, used 10692K [0x00000000a0000000, 0x00000000a1f00000, 0x00000000e0000000)
  object space 31744K, 33% used [0x00000000a0000000,0x00000000a0a710e8,0x00000000a1f00000)
 Metaspace       used 33398K, capacity 33976K, committed 34352K, reserved 1079296K
  class space    used 4480K, capacity 4655K, committed 4656K, reserved 1048576K
Event: 36.137 GC heap after
Heap after GC invocations=14 (full 1):
 PSYoungGen      total 71680K, used 5989K [0x00000000e0000000, 0x00000000e4c80000, 0x0000000100000000)
  eden space 65024K, 0% used [0x00000000e0000000,0x00000000e0000000,0x00000000e3f80000)
  from space 6656K, 89% used [0x00000000e3f80000,0x00000000e45595e0,0x00000000e4600000)
  to   space 5120K, 0% used [0x00000000e4780000,0x00000000e4780000,0x00000000e4c80000)
 ParOldGen       total 31744K, used 11932K [0x00000000a0000000, 0x00000000a1f00000, 0x00000000e0000000)
  object space 31744K, 37% used [0x00000000a0000000,0x00000000a0ba7108,0x00000000a1f00000)
 Metaspace       used 33398K, capacity 33976K, committed 34352K, reserved 1079296K
  class space    used 4480K, capacity 4655K, committed 4656K, reserved 1048576K
}
Event: 36.597 GC heap before
{Heap before GC invocations=15 (full 1):
 PSYoungGen      total 71680K, used 18806K [0x00000000e0000000, 0x00000000e4c80000, 0x0000000100000000)
  eden space 65024K, 19% used [0x00000000e0000000,0x00000000e0c84320,0x00000000e3f80000)
  from space 6656K, 89% used [0x00000000e3f80000,0x00000000e45595e0,0x00000000e4600000)
  to   space 5120K, 0% used [0x00000000e4780000,0x00000000e4780000,0x00000000e4c80000)
 ParOldGen       total 31744K, used 11932K [0x00000000a0000000, 0x00000000a1f00000, 0x00000000e0000000)
  object space 31744K, 37% used [0x00000000a0000000,0x00000000a0ba7108,0x00000000a1f00000)
 Metaspace       used 34620K, capacity 35152K, committed 35496K, reserved 1079296K
  class space    used 4624K, capacity 4787K, committed 4912K, reserved 1048576K
Event: 36.614 GC heap after
Heap after GC invocations=15 (full 1):
 PSYoungGen      total 70144K, used 2161K [0x00000000e0000000, 0x00000000e4c80000, 0x0000000100000000)
  eden space 65024K, 0% used [0x00000000e0000000,0x00000000e0000000,0x00000000e3f80000)
  from space 5120K, 42% used [0x00000000e4780000,0x00000000e499c728,0x00000000e4c80000)
  to   space 6656K, 0% used [0x00000000e3f80000,0x00000000e3f80000,0x00000000e4600000)
 ParOldGen       total 31744K, used 14214K [0x00000000a0000000, 0x00000000a1f00000, 0x00000000e0000000)
  object space 31744K, 44% used [0x00000000a0000000,0x00000000a0de1918,0x00000000a1f00000)
 Metaspace       used 34620K, capacity 35152K, committed 35496K, reserved 1079296K
  class space    used 4624K, capacity 4787K, committed 4912K, reserved 1048576K
}
Event: 36.614 GC heap before
{Heap before GC invocations=16 (full 2):
 PSYoungGen      total 70144K, used 2161K [0x00000000e0000000, 0x00000000e4c80000, 0x0000000100000000)
  eden space 65024K, 0% used [0x00000000e0000000,0x00000000e0000000,0x00000000e3f80000)
  from space 5120K, 42% used [0x00000000e4780000,0x00000000e499c728,0x00000000e4c80000)
  to   space 6656K, 0% used [0x00000000e3f80000,0x00000000e3f80000,0x00000000e4600000)
 ParOldGen       total 31744K, used 14214K [0x00000000a0000000, 0x00000000a1f00000, 0x00000000e0000000)
  object space 31744K, 44% used [0x00000000a0000000,0x00000000a0de1918,0x00000000a1f00000)
 Metaspace       used 34620K, capacity 35152K, committed 35496K, reserved 1079296K
  class space    used 4624K, capacity 4787K, committed 4912K, reserved 1048576K
Event: 36.783 GC heap after
Heap after GC invocations=16 (full 2):
 PSYoungGen      total 70144K, used 0K [0x00000000e0000000, 0x00000000e4c80000, 0x0000000100000000)
  eden space 65024K, 0% used [0x00000000e0000000,0x00000000e0000000,0x00000000e3f80000)
  from space 5120K, 0% used [0x00000000e4780000,0x00000000e4780000,0x00000000e4c80000)
  to   space 6656K, 0% used [0x00000000e3f80000,0x00000000e3f80000,0x00000000e4600000)
 ParOldGen       total 31744K, used 15187K [0x00000000a0000000, 0x00000000a1f00000, 0x00000000e0000000)
  object space 31744K, 47% used [0x00000000a0000000,0x00000000a0ed4f40,0x00000000a1f00000)
 Metaspace       used 34620K, capacity 35152K, committed 35496K, reserved 1079296K
  class space    used 4624K, capacity 4787K, committed 4912K, reserved 1048576K
}
Event: 52.384 GC heap before
{Heap before GC invocations=17 (full 2):
 PSYoungGen      total 70144K, used 65024K [0x00000000e0000000, 0x00000000e4c80000, 0x0000000100000000)
  eden space 65024K, 100% used [0x00000000e0000000,0x00000000e3f80000,0x00000000e3f80000)
  from space 5120K, 0% used [0x00000000e4780000,0x00000000e4780000,0x00000000e4c80000)
  to   space 6656K, 0% used [0x00000000e3f80000,0x00000000e3f80000,0x00000000e4600000)
 ParOldGen       total 31744K, used 15187K [0x00000000a0000000, 0x00000000a1f00000, 0x00000000e0000000)
  object space 31744K, 47% used [0x00000000a0000000,0x00000000a0ed4f40,0x00000000a1f00000)
 Metaspace       used 41194K, capacity 41948K, committed 42416K, reserved 1085440K
  class space    used 5502K, capacity 5690K, committed 5808K, reserved 1048576K
Event: 52.401 GC heap after
Heap after GC invocations=17 (full 2):
 PSYoungGen      total 71680K, used 6627K [0x00000000e0000000, 0x00000000e6600000, 0x0000000100000000)
  eden space 65024K, 0% used [0x00000000e0000000,0x00000000e0000000,0x00000000e3f80000)
  from space 6656K, 99% used [0x00000000e3f80000,0x00000000e45f8f10,0x00000000e4600000)
  to   space 8192K, 0% used [0x00000000e5e00000,0x00000000e5e00000,0x00000000e6600000)
 ParOldGen       total 31744K, used 15579K [0x00000000a0000000, 0x00000000a1f00000, 0x00000000e0000000)
  object space 31744K, 49% used [0x00000000a0000000,0x00000000a0f36df8,0x00000000a1f00000)
 Metaspace       used 41194K, capacity 41948K, committed 42416K, reserved 1085440K
  class space    used 5502K, capacity 5690K, committed 5808K, reserved 1048576K
}
Event: 56.593 GC heap before
{Heap before GC invocations=18 (full 2):
 PSYoungGen      total 71680K, used 71651K [0x00000000e0000000, 0x00000000e6600000, 0x0000000100000000)
  eden space 65024K, 100% used [0x00000000e0000000,0x00000000e3f80000,0x00000000e3f80000)
  from space 6656K, 99% used [0x00000000e3f80000,0x00000000e45f8f10,0x00000000e4600000)
  to   space 8192K, 0% used [0x00000000e5e00000,0x00000000e5e00000,0x00000000e6600000)
 ParOldGen       total 31744K, used 15579K [0x00000000a0000000, 0x00000000a1f00000, 0x00000000e0000000)
  object space 31744K, 49% used [0x00000000a0000000,0x00000000a0f36df8,0x00000000a1f00000)
 Metaspace       used 42472K, capacity 43264K, committed 43568K, reserved 1087488K
  class space    used 5632K, capacity 5842K, committed 5936K, reserved 1048576K
Event: 56.616 GC heap after
Heap after GC invocations=18 (full 2):
 PSYoungGen      total 93184K, used 3525K [0x00000000e0000000, 0x00000000e6480000, 0x0000000100000000)
  eden space 86528K, 0% used [0x00000000e0000000,0x00000000e0000000,0x00000000e5480000)
  from space 6656K, 52% used [0x00000000e5e00000,0x00000000e6171548,0x00000000e6480000)
  to   space 8192K, 0% used [0x00000000e5480000,0x00000000e5480000,0x00000000e5c80000)
 ParOldGen       total 31744K, used 20583K [0x00000000a0000000, 0x00000000a1f00000, 0x00000000e0000000)
  object space 31744K, 64% used [0x00000000a0000000,0x00000000a1419e38,0x00000000a1f00000)
 Metaspace       used 42472K, capacity 43264K, committed 43568K, reserved 1087488K
  class space    used 5632K, capacity 5842K, committed 5936K, reserved 1048576K
}

Deoptimization events (10 events):
Event: 43.283 Thread 0x0000000018c1b000 Uncommon trap: reason=unstable_if action=reinterpret pc=0x0000000002a06ed4 method=java.util.WeakHashMap.remove(Ljava/lang/Object;)Ljava/lang/Object; @ 94
Event: 45.989 Thread 0x0000000018c1b000 Uncommon trap: reason=unstable_if action=reinterpret pc=0x00000000031a7c04 method=java.lang.Integer.parseInt(Ljava/lang/String;I)I @ 197
Event: 47.633 Thread 0x0000000018c1b000 Uncommon trap: reason=unstable_if action=reinterpret pc=0x0000000002b335ec method=com.sun.org.apache.xerces.internal.impl.XMLEntityScanner.scanContent(Lcom/sun/org/apache/xerces/internal/xni/XMLString;)I @ 481
Event: 52.402 Thread 0x0000000016158800 Uncommon trap: reason=unstable_if action=reinterpret pc=0x0000000002915774 method=java.lang.ref.ReferenceQueue.poll()Ljava/lang/ref/Reference; @ 4
Event: 55.020 Thread 0x0000000018c1b000 Uncommon trap: reason=predicate action=maybe_recompile pc=0x00000000037c0738 method=java.util.AbstractCollection.toArray([Ljava/lang/Object;)[Ljava/lang/Object; @ 49
Event: 56.286 Thread 0x0000000018c1b000 Uncommon trap: reason=array_check action=maybe_recompile pc=0x000000000385331c method=java.util.AbstractCollection.toArray([Ljava/lang/Object;)[Ljava/lang/Object; @ 119
Event: 56.286 Thread 0x0000000018c1b000 Uncommon trap: reason=array_check action=maybe_recompile pc=0x000000000385331c method=java.util.AbstractCollection.toArray([Ljava/lang/Object;)[Ljava/lang/Object; @ 119
Event: 56.287 Thread 0x0000000018c1b000 Uncommon trap: reason=array_check action=maybe_recompile pc=0x000000000385331c method=java.util.AbstractCollection.toArray([Ljava/lang/Object;)[Ljava/lang/Object; @ 119
Event: 56.320 Thread 0x0000000018c1b000 Uncommon trap: reason=array_check action=maybe_recompile pc=0x000000000385331c method=java.util.AbstractCollection.toArray([Ljava/lang/Object;)[Ljava/lang/Object; @ 119
Event: 58.508 Thread 0x0000000018c1b000 Uncommon trap: reason=unstable_if action=reinterpret pc=0x00000000038d22d4 method=java.lang.Boolean.hashCode(Z)I @ 1

Internal exceptions (10 events):
Event: 52.869 Thread 0x0000000018c1b000 Exception <a 'sun/nio/fs/WindowsException'> (0x00000000e0baa790) thrown at [C:\src\android\AOSP-openjdk\external\jetbrains\jdk\hotspot\src\share\vm\prims\jni.cpp, line 709]
Event: 52.869 Thread 0x0000000018c1b000 Exception <a 'sun/nio/fs/WindowsException'> (0x00000000e0bac498) thrown at [C:\src\android\AOSP-openjdk\external\jetbrains\jdk\hotspot\src\share\vm\prims\jni.cpp, line 709]
Event: 52.869 Thread 0x0000000018c1b000 Exception <a 'sun/nio/fs/WindowsException'> (0x00000000e0bad1a8) thrown at [C:\src\android\AOSP-openjdk\external\jetbrains\jdk\hotspot\src\share\vm\prims\jni.cpp, line 709]
Event: 52.871 Thread 0x0000000018c1b000 Exception <a 'sun/nio/fs/WindowsException'> (0x00000000e0bb0cc8) thrown at [C:\src\android\AOSP-openjdk\external\jetbrains\jdk\hotspot\src\share\vm\prims\jni.cpp, line 709]
Event: 52.871 Thread 0x0000000018c1b000 Exception <a 'sun/nio/fs/WindowsException'> (0x00000000e0bb1830) thrown at [C:\src\android\AOSP-openjdk\external\jetbrains\jdk\hotspot\src\share\vm\prims\jni.cpp, line 709]
Event: 52.871 Thread 0x0000000018c1b000 Exception <a 'sun/nio/fs/WindowsException'> (0x00000000e0bb33d0) thrown at [C:\src\android\AOSP-openjdk\external\jetbrains\jdk\hotspot\src\share\vm\prims\jni.cpp, line 709]
Event: 52.871 Thread 0x0000000018c1b000 Exception <a 'sun/nio/fs/WindowsException'> (0x00000000e0bb3f78) thrown at [C:\src\android\AOSP-openjdk\external\jetbrains\jdk\hotspot\src\share\vm\prims\jni.cpp, line 709]
Event: 53.728 Thread 0x0000000018c1b000 Exception <a 'java/lang/NoSuchMethodError': java.lang.Object.lambda$comparing$77a9974f$1(Ljava/util/function/Function;Ljava/lang/Object;Ljava/lang/Object;)I> (0x00000000e26c1318) thrown at [C:\src\android\AOSP-openjdk\external\jetbrains\jdk\hotspot\src\shaÌP©¢ô›J@
Event: 53.731 Thread 0x0000000018c1b000 Exception <a 'java/lang/NoSuchMethodError': java.lang.Object.lambda$thenComparing$36697e65$1(Ljava/util/Comparator;Ljava/lang/Object;Ljava/lang/Object;)I> (0x00000000e26cf9b0) thrown at [C:\src\android\AOSP-openjdk\external\jetbrains\jdk\hotspot\src\share\O≥2›‰J@
Event: 53.788 Thread 0x0000000018c1b000 Exception <a 'java/lang/NoSuchMethodError': java.lang.Object.lambda$maxBy$1(Ljava/util/Comparator;Ljava/lang/Object;Ljava/lang/Object;)Ljava/lang/Object;> (0x00000000e276dba8) thrown at [C:\src\android\AOSP-openjdk\external\jetbrains\jdk\hotspot\src\share\÷{µ.oJ@

Events (10 events):
Event: 59.089 loading class org/apache/commons/lang/text/StrBuilder$StrBuilderWriter
Event: 59.089 loading class org/apache/commons/lang/text/StrBuilder$StrBuilderWriter done
Event: 59.090 loading class org/apache/commons/lang/text/StrBuilder$StrBuilderReader
Event: 59.090 loading class org/apache/commons/lang/text/StrBuilder$StrBuilderReader done
Event: 59.096 loading class com/android/build/gradle/internal/tasks/PrepareLibraryTask
Event: 59.096 loading class com/android/build/gradle/internal/tasks/PrepareLibraryTask done
Event: 59.106 loading class org/gradle/api/internal/project/taskfactory/InputFilePropertyAnnotationHandler$2
Event: 59.106 loading class org/gradle/api/internal/project/taskfactory/InputFilePropertyAnnotationHandler$2 done
Event: 59.108 loading class org/gradle/api/internal/tasks/DefaultTaskInputs$1
Event: 59.108 loading class org/gradle/api/internal/tasks/DefaultTaskInputs$1 done


Dynamic libraries:
0x00007ff6ca0b0000 - 0x00007ff6ca0e1000 	C:\Program Files\Android\Android Studio\jre\bin\java.exe
0x00007ff844a30000 - 0x00007ff844bda000 	C:\Windows\SYSTEM32\ntdll.dll
0x00007ff842390000 - 0x00007ff8424ca000 	C:\Windows\system32\KERNEL32.DLL
0x00007ff8421a0000 - 0x00007ff8422af000 	C:\Windows\system32\KERNELBASE.dll
0x00007ff8424d0000 - 0x00007ff842575000 	C:\Windows\system32\ADVAPI32.dll
0x00007ff8427a0000 - 0x00007ff842911000 	C:\Windows\system32\USER32.dll
0x00007ff83ffd0000 - 0x00007ff84022a000 	C:\Windows\WinSxS\amd64_microsoft.windows.common-controls_6595b64144ccf1df_6.0.9600.17031_none_6242a4b3ecbb55a1\COMCTL32.dll
0x00007ff842e20000 - 0x00007ff842ec7000 	C:\Windows\system32\msvcrt.dll
0x00007ff842700000 - 0x00007ff842757000 	C:\Windows\SYSTEM32\sechost.dll
0x00007ff842c80000 - 0x00007ff842db6000 	C:\Windows\system32\RPCRT4.dll
0x00007ff843260000 - 0x00007ff8433a4000 	C:\Windows\system32\GDI32.dll
0x00007ff842760000 - 0x00007ff842794000 	C:\Windows\system32\IMM32.DLL
0x00007ff842b40000 - 0x00007ff842c79000 	C:\Windows\system32\MSCTF.dll
0x0000000055490000 - 0x0000000055562000 	C:\Program Files\Android\Android Studio\jre\jre\bin\msvcr100.dll
0x00000000560a0000 - 0x00000000568d4000 	C:\Program Files\Android\Android Studio\jre\jre\bin\server\jvm.dll
0x00007ff834ed0000 - 0x00007ff834ed9000 	C:\Windows\SYSTEM32\WSOCK32.dll
0x00007ff83c280000 - 0x00007ff83c29f000 	C:\Windows\SYSTEM32\WINMM.dll
0x00007ff83fa30000 - 0x00007ff83fa3a000 	C:\Windows\SYSTEM32\VERSION.dll
0x00007ff8449c0000 - 0x00007ff8449c7000 	C:\Windows\system32\PSAPI.DLL
0x00007ff8422b0000 - 0x00007ff842308000 	C:\Windows\system32\WS2_32.dll
0x00007ff83bdb0000 - 0x00007ff83bdda000 	C:\Windows\SYSTEM32\WINMMBASE.dll
0x00007ff8430b0000 - 0x00007ff8430b9000 	C:\Windows\system32\NSI.dll
0x00007ff841e70000 - 0x00007ff841eba000 	C:\Windows\SYSTEM32\cfgmgr32.dll
0x00007ff840c30000 - 0x00007ff840c56000 	C:\Windows\SYSTEM32\DEVOBJ.dll
0x00007ff834ec0000 - 0x00007ff834ecf000 	C:\Program Files\Android\Android Studio\jre\jre\bin\verify.dll
0x00007ff833960000 - 0x00007ff833989000 	C:\Program Files\Android\Android Studio\jre\jre\bin\java.dll
0x00007ff834ea0000 - 0x00007ff834eb6000 	C:\Program Files\Android\Android Studio\jre\jre\bin\zip.dll
0x00007ff843590000 - 0x00007ff8449b0000 	C:\Windows\system32\SHELL32.dll
0x00007ff842ed0000 - 0x00007ff8430a6000 	C:\Windows\SYSTEM32\combase.dll
0x00007ff8449d0000 - 0x00007ff844a21000 	C:\Windows\system32\SHLWAPI.dll
0x00007ff840670000 - 0x00007ff84070f000 	C:\Windows\SYSTEM32\SHCORE.dll
0x00007ff841da0000 - 0x00007ff841db4000 	C:\Windows\SYSTEM32\profapi.dll
0x00007ff834e60000 - 0x00007ff834e7a000 	C:\Program Files\Android\Android Studio\jre\jre\bin\net.dll
0x00007ff841600000 - 0x00007ff841658000 	C:\Windows\system32\mswsock.dll
0x00007ff834040000 - 0x00007ff834051000 	C:\Program Files\Android\Android Studio\jre\jre\bin\nio.dll
0x00007ff82ba50000 - 0x00007ff82ba62000 	C:\Users\elsayed fahmy\.gradle\native\19\windows-amd64\native-platform.dll
0x00007ff841660000 - 0x00007ff84167e000 	C:\Windows\SYSTEM32\CRYPTSP.dll
0x00007ff8412a0000 - 0x00007ff8412d5000 	C:\Windows\system32\rsaenh.dll
0x00007ff841910000 - 0x00007ff841936000 	C:\Windows\SYSTEM32\bcrypt.dll
0x00007ff8413b0000 - 0x00007ff8413ce000 	C:\Windows\SYSTEM32\USERENV.dll
0x00007ff841bb0000 - 0x00007ff841c10000 	C:\Windows\system32\bcryptprimitives.dll
0x00007ff841c10000 - 0x00007ff841c1a000 	C:\Windows\SYSTEM32\CRYPTBASE.dll
0x00007ff83e1b0000 - 0x00007ff83e1d9000 	C:\Windows\SYSTEM32\IPHLPAPI.DLL
0x00007ff83e180000 - 0x00007ff83e18a000 	C:\Windows\SYSTEM32\WINNSI.DLL
0x00007ff83ddc0000 - 0x00007ff83ddd4000 	C:\Windows\SYSTEM32\dhcpcsvc6.DLL
0x00007ff83dea0000 - 0x00007ff83deb9000 	C:\Windows\SYSTEM32\dhcpcsvc.DLL
0x00007ff833ce0000 - 0x00007ff833ced000 	C:\Program Files\Android\Android Studio\jre\jre\bin\management.dll

VM Arguments:
jvm_args: -Xmx1536m -Dfile.encoding=windows-1256 -Duser.country=US -Duser.language=en -Duser.variant 
java_command: org.gradle.launcher.daemon.bootstrap.GradleDaemon 2.14.1
java_class_path (initial): C:\Program Files\Android\Android Studio\gradle\gradle-2.14.1\lib\gradle-launcher-2.14.1.jar
Launcher Type: SUN_STANDARD

Environment Variables:
PATH=C:\Python27\;C:\Python27\Scripts;C:\ProgramData\Oracle\Java\javapath;C:\Windows\system32;C:\Windows;C:\Windows\System32\Wbem;C:\Windows\System32\WindowsPowerShell\v1.0\;C:\Program Files (x86)\Windows Kits\8.1\Windows Performance Toolkit\;C:\Program Files\Microsoft SQL Server\110\Tools\Binn\;C:\Program Files (x86)\Microsoft SDKs\TypeScript\1.0\;C:\Program Files\Microsoft SQL Server\120\Tools\Binn\;c:\Program Files (x86)\Microsoft SQL Server\100\Tools\Binn\VSShell\Common7\IDE\;c:\Program Files (x86)\Microsoft SQL Server\100\Tools\Binn\;c:\Program Files\Microsoft SQL Server\100\Tools\Binn\;c:\Program Files (x86)\Microsoft SQL Server\100\DTS\Binn\
USERNAME=elsayed fahmy
OS=Windows_NT
PROCESSOR_IDENTIFIER=Intel64 Family 6 Model 58 Stepping 9, GenuineIntel



---------------  S Y S T E M  ---------------

OS: Windows 8.1 , 64 bit Build 9600 (6.3.9600.17056)

CPU:total 4 (2 cores per cpu, 2 threads per core) family 6 model 58 stepping 9, cmov, cx8, fxsr, mmx, sse, sse2, sse3, ssse3, sse4.1, sse4.2, popcnt, avx, aes, clmul, erms, ht, tsc, tscinvbit, tscinv

Memory: 4k page, physical 4094312k(221844k free), swap 7240040k(6360k free)

vm_info: OpenJDK 64-Bit Server VM (25.76-b03) for windows-amd64 JRE (1.8.0_76-release-b03), built on Jun 29 2016 19:09:20 by "ralucas" with MS VC++ 10.0 (VS2010)

time: Tue Dec 13 15:29:18 2016
elapsed time: 59 seconds (0d 0h 0m 59s)

